2025/03/04 14:38:22 http: superfluous response.WriteHeader call from RTF/back-end/Handlers/auth.Logout (auth.go:58)
2025/03/04 14:47:33 http: superfluous response.WriteHeader call from RTF/back-end/Handlers/auth.Logout (auth.go:58)
2025/03/04 15:00:15 http: superfluous response.WriteHeader call from RTF/back-end/Handlers/auth.Logout (auth.go:58)
2025/03/04 15:00:29 jwt took 7.699598ms
2025/03/04 15:00:29 Total login process took 3.37542772s
2025/03/04 15:18:14 http: superfluous response.WriteHeader call from RTF/back-end/Handlers/auth.Logout (auth.go:58)
2025/03/04 15:18:15 http: superfluous response.WriteHeader call from RTF/back-end/Handlers/auth.Logout (auth.go:58)
2025/03/04 15:18:16 http: superfluous response.WriteHeader call from RTF/back-end/Handlers/auth.Logout (auth.go:58)
2025/03/04 15:18:25 jwt took 7.073414ms
2025/03/04 15:18:25 Total login process took 59.881311ms
2025/03/04 20:55:37 jwt took 6.337729ms
2025/03/04 20:55:37 Total login process took 62.489683ms
2025/03/04 21:07:09 http: superfluous response.WriteHeader call from RTF/back-end/goFiles/auth.Logout (auth.go:58)
2025/03/04 21:07:10 http: superfluous response.WriteHeader call from RTF/back-end/goFiles/auth.Logout (auth.go:58)
2025/03/04 21:07:10 http: superfluous response.WriteHeader call from RTF/back-end/goFiles/auth.Logout (auth.go:58)
2025/03/04 21:08:12 jwt took 7.130796ms
2025/03/04 21:08:12 Total login process took 60.816047ms

2025/03/04 21:37:16 jwt took 5.921798ms
2025/03/04 21:37:16 Total login process took 59.729632ms
ERROR: 2025/03/04 21:37:18 helpers.go:36: Database error: no such column: session_id
ERROR: 2025/03/04 21:41:09 helpers.go:36: Database error: near "%": syntax error
2025/03/04 21:41:38 jwt took 6.20532ms
2025/03/04 21:41:38 Total login process took 59.554646ms
ERROR: 2025/03/04 21:41:41 helpers.go:36: Database error: no such column: username
2025/03/04 21:43:35 jwt took 6.321512ms
2025/03/04 21:43:35 Total login process took 59.695353ms
2025/03/04 21:49:21 jwt took 5.400702ms
2025/03/04 21:49:21 Total login process took 59.261717ms
2025/03/04 21:49:45 jwt took 6.48136ms
2025/03/04 21:49:45 Total login process took 59.568835ms
ERROR: 2025/03/04 21:56:08 registration.go:170: Database error: sql: no rows in result set
2025/03/04 21:58:22 jwt took 4.181308ms
2025/03/04 21:58:22 Total login process took 58.844161ms
2025/03/04 21:58:31 jwt took 7.368801ms
2025/03/04 21:58:31 Total login process took 63.507913ms
2025/03/09 15:28:04 jwt took 7.521268ms
2025/03/09 15:28:04 Total login process took 61.320923ms
2025/03/09 15:28:44 Expired tokens cleaned up successfully.
2025/03/09 15:29:44 Expired tokens cleaned up successfully.
2025/03/09 15:31:27 Expired tokens cleaned up successfully.
2025/03/09 15:32:27 Expired tokens cleaned up successfully.
2025/03/09 15:33:27 Expired tokens cleaned up successfully.
2025/03/09 15:34:27 Expired tokens cleaned up successfully.
2025/03/09 15:35:27 Expired tokens cleaned up successfully.
2025/03/09 15:36:27 Expired tokens cleaned up successfully.
2025/03/09 15:37:27 Expired tokens cleaned up successfully.
2025/03/09 15:38:27 Expired tokens cleaned up successfully.
2025/03/09 15:39:27 Expired tokens cleaned up successfully.
2025/03/09 15:39:47 jwt took 14.667739ms
2025/03/09 15:39:47 Total login process took 68.068027ms
2025/03/09 15:39:47 http: superfluous response.WriteHeader call from RTF/back-end/goFiles/auth.LoginHandler (login.go:54)
2025/03/09 15:40:36 Expired tokens cleaned up successfully.
2025/03/09 15:41:36 Expired tokens cleaned up successfully.
2025/03/09 15:42:36 Expired tokens cleaned up successfully.
2025/03/09 15:43:36 Expired tokens cleaned up successfully.
2025/03/09 15:44:36 Expired tokens cleaned up successfully.
2025/03/09 15:45:36 Expired tokens cleaned up successfully.
2025/03/09 15:46:36 Expired tokens cleaned up successfully.
2025/03/09 15:47:36 Expired tokens cleaned up successfully.
2025/03/09 15:48:36 Expired tokens cleaned up successfully.
2025/03/09 15:49:36 Expired tokens cleaned up successfully.
2025/03/09 15:50:36 Expired tokens cleaned up successfully.
2025/03/09 15:51:36 Expired tokens cleaned up successfully.
2025/03/09 15:52:36 Expired tokens cleaned up successfully.
2025/03/09 15:53:36 Expired tokens cleaned up successfully.
2025/03/09 15:54:36 Expired tokens cleaned up successfully.
2025/03/09 15:55:37 Expired tokens cleaned up successfully.
2025/03/09 15:56:37 Expired tokens cleaned up successfully.
2025/03/09 15:57:37 Expired tokens cleaned up successfully.
2025/03/09 15:58:37 Expired tokens cleaned up successfully.
2025/03/09 15:59:37 Expired tokens cleaned up successfully.
2025/03/09 16:00:37 Expired tokens cleaned up successfully.
2025/03/09 16:01:37 Expired tokens cleaned up successfully.
2025/03/09 16:03:28 Expired tokens cleaned up successfully.
2025/03/09 16:04:28 Expired tokens cleaned up successfully.
2025/03/09 16:05:28 Expired tokens cleaned up successfully.
2025/03/09 16:06:28 Expired tokens cleaned up successfully.
2025/03/09 16:07:28 Expired tokens cleaned up successfully.
2025/03/09 16:08:28 Expired tokens cleaned up successfully.
2025/03/09 16:09:28 Expired tokens cleaned up successfully.
2025/03/09 16:10:28 Expired tokens cleaned up successfully.
2025/03/09 16:11:28 Expired tokens cleaned up successfully.
2025/03/09 16:12:28 Expired tokens cleaned up successfully.
2025/03/09 16:13:32 Expired tokens cleaned up successfully.
2025/03/09 16:15:08 Expired tokens cleaned up successfully.
2025/03/09 16:15:30 jwt took 6.651026ms
2025/03/09 16:15:30 Total login process took 59.985746ms
2025/03/09 16:16:16 Expired tokens cleaned up successfully.
2025/03/09 16:17:16 Expired tokens cleaned up successfully.
2025/03/09 16:18:29 jwt took 7.042401ms
2025/03/09 16:18:29 Total login process took 60.856242ms
2025/03/09 16:18:29 http: superfluous response.WriteHeader call from RTF/back-end/goFiles/auth.respondWithError (validation.go:49)
2025/03/09 16:18:45 Expired tokens cleaned up successfully.
2025/03/09 16:19:45 Expired tokens cleaned up successfully.
2025/03/09 16:20:45 Expired tokens cleaned up successfully.
2025/03/09 16:21:45 Expired tokens cleaned up successfully.
2025/03/09 16:22:45 Expired tokens cleaned up successfully.
2025/03/09 16:23:45 Expired tokens cleaned up successfully.
2025/03/09 16:24:45 Expired tokens cleaned up successfully.
2025/03/09 16:25:46 Expired tokens cleaned up successfully.
2025/03/09 16:26:46 Expired tokens cleaned up successfully.
2025/03/09 16:27:46 Expired tokens cleaned up successfully.
2025/03/09 16:28:46 Expired tokens cleaned up successfully.
2025/03/09 16:29:35 jwt took 13.90308ms
2025/03/09 16:29:35 Total login process took 67.538034ms
2025/03/09 16:29:35 http: superfluous response.WriteHeader call from RTF/back-end/goFiles/auth.respondWithError (validation.go:49)
2025/03/09 16:29:46 Expired tokens cleaned up successfully.
2025/03/09 16:30:46 Expired tokens cleaned up successfully.
2025/03/09 16:31:46 Expired tokens cleaned up successfully.
2025/03/09 16:32:46 Expired tokens cleaned up successfully.
2025/03/09 16:33:46 Expired tokens cleaned up successfully.
2025/03/09 16:34:46 Expired tokens cleaned up successfully.
2025/03/09 16:35:46 Expired tokens cleaned up successfully.
2025/03/09 16:36:46 Expired tokens cleaned up successfully.
2025/03/09 16:37:46 Expired tokens cleaned up successfully.
2025/03/09 16:38:46 Expired tokens cleaned up successfully.
2025/03/09 16:39:46 Expired tokens cleaned up successfully.
2025/03/09 16:40:46 Expired tokens cleaned up successfully.
2025/03/09 16:41:46 Expired tokens cleaned up successfully.
2025/03/09 16:42:46 Expired tokens cleaned up successfully.
2025/03/09 16:43:46 Expired tokens cleaned up successfully.
2025/03/09 16:44:46 Expired tokens cleaned up successfully.
2025/03/09 16:45:46 Expired tokens cleaned up successfully.
2025/03/09 16:46:46 Expired tokens cleaned up successfully.
2025/03/09 16:47:46 Expired tokens cleaned up successfully.
2025/03/09 16:48:46 Expired tokens cleaned up successfully.
2025/03/09 16:50:33 Expired tokens cleaned up successfully.
2025/03/09 16:51:33 Expired tokens cleaned up successfully.
2025/03/09 16:52:33 Expired tokens cleaned up successfully.
2025/03/09 16:53:33 Expired tokens cleaned up successfully.
2025/03/09 16:54:33 Expired tokens cleaned up successfully.
2025/03/09 16:56:06 jwt took 11.657455ms
2025/03/09 16:56:06 Total login process took 65.394075ms
2025/03/09 16:56:06 http: superfluous response.WriteHeader call from RTF/back-end/goFiles/auth.respondWithError (validation.go:49)
2025/03/09 16:56:45 Expired tokens cleaned up successfully.
2025/03/09 16:56:49 jwt took 17.424047ms
2025/03/09 16:56:49 Total login process took 70.880631ms
2025/03/09 16:56:49 http: superfluous response.WriteHeader call from RTF/back-end/goFiles/auth.respondWithError (validation.go:49)
2025/03/09 16:57:45 Expired tokens cleaned up successfully.
2025/03/09 16:58:45 Expired tokens cleaned up successfully.
2025/03/09 16:59:37 jwt took 29.784493ms
2025/03/09 16:59:37 Total login process took 83.161395ms
2025/03/09 16:59:37 http: superfluous response.WriteHeader call from RTF/back-end/goFiles/auth.respondWithError (validation.go:49)
2025/03/09 16:59:45 Expired tokens cleaned up successfully.
2025/03/09 17:00:45 Expired tokens cleaned up successfully.
2025/03/09 17:01:45 Expired tokens cleaned up successfully.
2025/03/09 17:02:42 jwt took 45.099179ms
2025/03/09 17:02:42 Total login process took 98.467302ms
2025/03/09 17:02:42 http: superfluous response.WriteHeader call from RTF/back-end/goFiles/auth.respondWithError (validation.go:49)
2025/03/09 17:02:45 Expired tokens cleaned up successfully.
2025/03/09 17:03:45 Expired tokens cleaned up successfully.
2025/03/09 17:05:38 Expired tokens cleaned up successfully.
2025/03/09 17:06:38 Expired tokens cleaned up successfully.
2025/03/09 17:07:38 Expired tokens cleaned up successfully.
2025/03/09 17:08:38 Expired tokens cleaned up successfully.
2025/03/09 17:09:38 Expired tokens cleaned up successfully.
2025/03/09 17:10:38 Expired tokens cleaned up successfully.
2025/03/09 17:11:38 Expired tokens cleaned up successfully.
2025/03/09 17:12:38 Expired tokens cleaned up successfully.
2025/03/09 17:13:38 Expired tokens cleaned up successfully.
2025/03/09 17:14:38 Expired tokens cleaned up successfully.
2025/03/09 17:15:38 Expired tokens cleaned up successfully.
2025/03/09 17:16:38 Expired tokens cleaned up successfully.
2025/03/09 17:17:38 Expired tokens cleaned up successfully.
2025/03/09 17:18:38 Expired tokens cleaned up successfully.
2025/03/09 17:19:38 Expired tokens cleaned up successfully.
2025/03/09 17:20:38 Expired tokens cleaned up successfully.
2025/03/09 17:21:39 Expired tokens cleaned up successfully.
2025/03/09 17:22:39 Expired tokens cleaned up successfully.
2025/03/09 17:23:39 Expired tokens cleaned up successfully.
2025/03/09 17:24:39 Expired tokens cleaned up successfully.
2025/03/09 17:25:39 Expired tokens cleaned up successfully.
2025/03/09 17:26:39 Expired tokens cleaned up successfully.
2025/03/09 17:27:39 Expired tokens cleaned up successfully.
2025/03/09 17:28:39 Expired tokens cleaned up successfully.
2025/03/09 17:29:39 Expired tokens cleaned up successfully.
2025/03/09 17:30:39 Expired tokens cleaned up successfully.
2025/03/09 17:31:39 Expired tokens cleaned up successfully.
2025/03/09 17:32:39 Expired tokens cleaned up successfully.
2025/03/09 17:33:39 Expired tokens cleaned up successfully.
2025/03/09 17:34:39 Expired tokens cleaned up successfully.
2025/03/09 17:35:39 Expired tokens cleaned up successfully.
2025/03/09 17:36:39 Expired tokens cleaned up successfully.
2025/03/09 17:37:39 Expired tokens cleaned up successfully.
2025/03/09 17:38:39 Expired tokens cleaned up successfully.
2025/03/09 17:39:39 Expired tokens cleaned up successfully.
2025/03/09 17:40:39 Expired tokens cleaned up successfully.
2025/03/09 17:41:39 Expired tokens cleaned up successfully.
2025/03/09 17:42:39 Expired tokens cleaned up successfully.
2025/03/09 17:43:39 Expired tokens cleaned up successfully.
2025/03/09 17:44:39 Expired tokens cleaned up successfully.
2025/03/09 17:45:39 Expired tokens cleaned up successfully.
2025/03/09 17:46:39 Expired tokens cleaned up successfully.
2025/03/09 17:47:39 Expired tokens cleaned up successfully.
2025/03/09 17:48:39 Expired tokens cleaned up successfully.
2025/03/09 17:49:39 Expired tokens cleaned up successfully.
2025/03/09 17:50:39 Expired tokens cleaned up successfully.
2025/03/09 17:51:39 Expired tokens cleaned up successfully.
2025/03/09 17:52:39 Expired tokens cleaned up successfully.
2025/03/09 17:53:39 Expired tokens cleaned up successfully.
2025/03/09 17:54:40 Expired tokens cleaned up successfully.
2025/03/09 17:55:40 Expired tokens cleaned up successfully.
2025/03/09 17:56:40 Expired tokens cleaned up successfully.
2025/03/09 17:57:40 Expired tokens cleaned up successfully.
2025/03/09 17:58:40 Expired tokens cleaned up successfully.
2025/03/09 17:59:40 Expired tokens cleaned up successfully.
2025/03/09 18:00:40 Expired tokens cleaned up successfully.
2025/03/09 18:01:40 Expired tokens cleaned up successfully.
2025/03/09 18:02:40 Expired tokens cleaned up successfully.
2025/03/09 18:03:40 Expired tokens cleaned up successfully.
2025/03/09 18:04:40 Expired tokens cleaned up successfully.
2025/03/09 18:05:40 Expired tokens cleaned up successfully.
2025/03/09 18:06:40 Expired tokens cleaned up successfully.
2025/03/09 18:07:40 Expired tokens cleaned up successfully.
2025/03/09 18:08:40 Expired tokens cleaned up successfully.
2025/03/09 18:09:40 Expired tokens cleaned up successfully.
2025/03/09 18:10:40 Expired tokens cleaned up successfully.
2025/03/09 18:11:40 Expired tokens cleaned up successfully.
2025/03/09 18:12:40 Expired tokens cleaned up successfully.
2025/03/09 18:13:40 Expired tokens cleaned up successfully.
2025/03/09 18:14:40 Expired tokens cleaned up successfully.
2025/03/09 18:15:40 Expired tokens cleaned up successfully.
2025/03/09 18:16:41 Expired tokens cleaned up successfully.
2025/03/09 18:17:41 Expired tokens cleaned up successfully.
2025/03/09 18:18:41 Expired tokens cleaned up successfully.
2025/03/09 18:19:41 Expired tokens cleaned up successfully.
2025/03/09 18:20:41 Expired tokens cleaned up successfully.
2025/03/09 18:21:41 Expired tokens cleaned up successfully.
2025/03/09 18:22:41 Expired tokens cleaned up successfully.
2025/03/09 18:23:41 Expired tokens cleaned up successfully.
2025/03/09 18:24:41 Expired tokens cleaned up successfully.
2025/03/09 18:25:41 Expired tokens cleaned up successfully.
2025/03/09 18:26:41 Expired tokens cleaned up successfully.
2025/03/09 18:27:41 Expired tokens cleaned up successfully.
2025/03/09 18:28:41 Expired tokens cleaned up successfully.
2025/03/09 18:29:41 Expired tokens cleaned up successfully.
2025/03/09 18:30:41 Expired tokens cleaned up successfully.
2025/03/09 18:31:41 Expired tokens cleaned up successfully.
2025/03/09 18:32:41 Expired tokens cleaned up successfully.
2025/03/09 18:33:41 Expired tokens cleaned up successfully.
2025/03/09 18:34:41 Expired tokens cleaned up successfully.
2025/03/09 18:35:41 Expired tokens cleaned up successfully.
2025/03/09 18:36:41 Expired tokens cleaned up successfully.
2025/03/09 18:37:41 Expired tokens cleaned up successfully.
2025/03/09 18:38:41 Expired tokens cleaned up successfully.
2025/03/09 18:39:41 Expired tokens cleaned up successfully.
2025/03/09 18:40:41 Expired tokens cleaned up successfully.
2025/03/09 18:41:41 Expired tokens cleaned up successfully.
2025/03/09 18:42:42 Expired tokens cleaned up successfully.
2025/03/09 18:43:42 Expired tokens cleaned up successfully.
2025/03/09 18:44:42 Expired tokens cleaned up successfully.
2025/03/09 18:45:42 Expired tokens cleaned up successfully.
2025/03/09 18:46:42 Expired tokens cleaned up successfully.
2025/03/09 18:47:42 Expired tokens cleaned up successfully.
2025/03/09 18:48:42 Expired tokens cleaned up successfully.
2025/03/09 18:49:42 Expired tokens cleaned up successfully.
2025/03/09 18:50:42 Expired tokens cleaned up successfully.
2025/03/09 18:51:42 Expired tokens cleaned up successfully.
2025/03/09 18:52:42 Expired tokens cleaned up successfully.
2025/03/09 18:53:42 Expired tokens cleaned up successfully.
2025/03/09 18:54:42 Expired tokens cleaned up successfully.
2025/03/09 18:55:42 Expired tokens cleaned up successfully.
2025/03/09 18:56:42 Expired tokens cleaned up successfully.
2025/03/09 18:57:42 Expired tokens cleaned up successfully.
2025/03/09 18:58:42 Expired tokens cleaned up successfully.
2025/03/09 18:59:42 Expired tokens cleaned up successfully.
2025/03/09 19:00:42 Expired tokens cleaned up successfully.
2025/03/09 19:01:43 Expired tokens cleaned up successfully.
2025/03/09 19:02:43 Expired tokens cleaned up successfully.
2025/03/09 19:03:43 Expired tokens cleaned up successfully.
2025/03/09 19:04:43 Expired tokens cleaned up successfully.
2025/03/09 19:05:43 Expired tokens cleaned up successfully.
2025/03/09 19:06:43 Expired tokens cleaned up successfully.
2025/03/09 19:07:43 Expired tokens cleaned up successfully.
2025/03/09 19:08:43 Expired tokens cleaned up successfully.
2025/03/09 19:09:43 Expired tokens cleaned up successfully.
2025/03/09 19:10:43 Expired tokens cleaned up successfully.
2025/03/09 19:11:43 Expired tokens cleaned up successfully.
2025/03/09 19:12:43 Expired tokens cleaned up successfully.
2025/03/09 19:13:43 Expired tokens cleaned up successfully.
2025/03/09 19:14:43 Expired tokens cleaned up successfully.
2025/03/09 19:15:43 Expired tokens cleaned up successfully.
2025/03/09 19:16:43 Expired tokens cleaned up successfully.
2025/03/09 19:17:43 Expired tokens cleaned up successfully.
2025/03/09 19:18:43 Expired tokens cleaned up successfully.
2025/03/09 19:19:43 Expired tokens cleaned up successfully.
2025/03/09 19:20:43 Expired tokens cleaned up successfully.
2025/03/09 19:21:43 Expired tokens cleaned up successfully.
2025/03/09 19:22:43 Expired tokens cleaned up successfully.
2025/03/09 19:23:43 Expired tokens cleaned up successfully.
